<?xml version="1.0" encoding="UTF-8"?>
<testng-results ignored="0" total="1" passed="1" failed="0" skipped="0">
  <reporter-output>
  </reporter-output>
  <suite started-at="2025-05-26T04:52:32Z" name="Default suite" finished-at="2025-05-26T04:54:42Z" duration-ms="130071">
    <groups>
    </groups>
    <test started-at="2025-05-26T04:52:32Z" name="Default test" finished-at="2025-05-26T04:54:42Z" duration-ms="130071">
      <class name="WithUtilities_OrgTest.launch_Browser">
        <test-method signature="launchBrowser()[pri:0, instance:WithUtilities_OrgTest.launch_Browser@6cc558c6]" started-at="2025-05-26T04:52:32Z" name="launchBrowser" finished-at="2025-05-26T04:54:42Z" duration-ms="130031" status="PASS">
          <reporter-output>
          </reporter-output>
        </test-method> <!-- launchBrowser -->
      </class> <!-- WithUtilities_OrgTest.launch_Browser -->
    </test> <!-- Default test -->
  </suite> <!-- Default suite -->
</testng-results>
